Running: C:\Xilinx\14.7\ISE_DS\ISE\bin\nt64\unwrapped\fuse.exe -intstyle ise -incremental -o Z:/P1/Proj1/ALUTB_isim_beh.exe -prj Z:/P1/Proj1/ALUTB_beh.prj work.ALUTB 
ISim P.20131013 (signature 0x7708f090)
Number of CPUs detected in this system: 4
Turning on mult-threading, number of parallel sub-compilation jobs: 8 
Determining compilation order of HDL files
Parsing VHDL file "Z:/P1/Proj1/ALU.vhd" into library work
Parsing VHDL file "Z:/P1/Proj1/ALUTB.vhd" into library work
Starting static elaboration
Completed static elaboration
Compiling package standard
Compiling package std_logic_1164
Compiling package std_logic_arith
Compiling package std_logic_signed
Compiling package numeric_std
Compiling architecture behavioral of entity ALU [alu_default]
Compiling architecture behavior of entity alutb
Time Resolution for simulation is 1ps.
Compiled 8 VHDL Units
Built simulation executable Z:/P1/Proj1/ALUTB_isim_beh.exe
Fuse Memory Usage: 36716 KB
Fuse CPU Usage: 905 ms
