ISim log file
Running: D:\VM\Partilha\P1\Proj1\motheboard_TB_isim_beh.exe -intstyle ise -gui -tclbatch isim.cmd -wdb D:/VM/Partilha/P1/Proj1/motheboard_TB_isim_beh.wdb 
ISim P.20131013 (signature 0x7708f090)
WARNING: A WEBPACK license was found.
WARNING: Please use Xilinx License Configuration Manager to check out a full ISim license.
WARNING: ISim will run in Lite mode. Please refer to the ISim documentation for more information on the differences between the Lite and the Full version.
This is a Lite version of ISim.
Time resolution is 1 ps
# onerror resume
# wave add /
# run 1000 ns
Simulator is doing circuit initialization process.
at 0 ps, Instance /motheboard_tb/uut/m_d/ : Warning: NUMERIC_STD.TO_INTEGER: metavalue detected, returning 0
Finished circuit initialization process.
at 0 ps, Instance /motheboard_tb/uut/m_d/ : Warning: NUMERIC_STD.TO_INTEGER: metavalue detected, returning 0
at 0 ps, Instance /motheboard_tb/uut/m_d/ : Warning: NUMERIC_STD.TO_INTEGER: metavalue detected, returning 0
at 5 ns(1), Instance /motheboard_tb/uut/m_d/ : Warning: NUMERIC_STD.TO_INTEGER: metavalue detected, returning 0
at 5 ns(1), Instance /motheboard_tb/uut/p/p_c/ : Warning: There is an 'U'|'X'|'W'|'Z'|'-' in an arithmetic operand, the result will be 'X'(es).
at 10 ns(1), Instance /motheboard_tb/uut/m_d/ : Warning: NUMERIC_STD.TO_INTEGER: metavalue detected, returning 0
at 15 ns(1), Instance /motheboard_tb/uut/m_d/ : Warning: NUMERIC_STD.TO_INTEGER: metavalue detected, returning 0
at 20 ns(1), Instance /motheboard_tb/uut/m_d/ : Warning: NUMERIC_STD.TO_INTEGER: metavalue detected, returning 0
at 25 ns(1), Instance /motheboard_tb/uut/m_d/ : Warning: NUMERIC_STD.TO_INTEGER: metavalue detected, returning 0
at 30 ns(1), Instance /motheboard_tb/uut/m_d/ : Warning: NUMERIC_STD.TO_INTEGER: metavalue detected, returning 0
at 35 ns(1), Instance /motheboard_tb/uut/m_d/ : Warning: NUMERIC_STD.TO_INTEGER: metavalue detected, returning 0
at 40 ns(1), Instance /motheboard_tb/uut/m_d/ : Warning: NUMERIC_STD.TO_INTEGER: metavalue detected, returning 0
at 45 ns(1), Instance /motheboard_tb/uut/m_d/ : Warning: NUMERIC_STD.TO_INTEGER: metavalue detected, returning 0
at 50 ns(1), Instance /motheboard_tb/uut/m_d/ : Warning: NUMERIC_STD.TO_INTEGER: metavalue detected, returning 0
at 55 ns(1), Instance /motheboard_tb/uut/m_d/ : Warning: NUMERIC_STD.TO_INTEGER: metavalue detected, returning 0
at 60 ns(1), Instance /motheboard_tb/uut/m_d/ : Warning: NUMERIC_STD.TO_INTEGER: metavalue detected, returning 0
at 65 ns(1), Instance /motheboard_tb/uut/m_d/ : Warning: NUMERIC_STD.TO_INTEGER: metavalue detected, returning 0
at 70 ns(1), Instance /motheboard_tb/uut/m_d/ : Warning: NUMERIC_STD.TO_INTEGER: metavalue detected, returning 0
at 75 ns(1), Instance /motheboard_tb/uut/m_d/ : Warning: NUMERIC_STD.TO_INTEGER: metavalue detected, returning 0
at 80 ns(1), Instance /motheboard_tb/uut/m_d/ : Warning: NUMERIC_STD.TO_INTEGER: metavalue detected, returning 0
at 85 ns(1), Instance /motheboard_tb/uut/m_d/ : Warning: NUMERIC_STD.TO_INTEGER: metavalue detected, returning 0
at 90 ns(1), Instance /motheboard_tb/uut/m_d/ : Warning: NUMERIC_STD.TO_INTEGER: metavalue detected, returning 0
at 95 ns(1), Instance /motheboard_tb/uut/m_d/ : Warning: NUMERIC_STD.TO_INTEGER: metavalue detected, returning 0
at 100 ns(1), Instance /motheboard_tb/uut/m_d/ : Warning: NUMERIC_STD.TO_INTEGER: metavalue detected, returning 0
at 105 ns(1), Instance /motheboard_tb/uut/m_d/ : Warning: NUMERIC_STD.TO_INTEGER: metavalue detected, returning 0
at 110 ns(1), Instance /motheboard_tb/uut/m_d/ : Warning: NUMERIC_STD.TO_INTEGER: metavalue detected, returning 0
at 115 ns(1), Instance /motheboard_tb/uut/m_d/ : Warning: NUMERIC_STD.TO_INTEGER: metavalue detected, returning 0
at 120 ns(1), Instance /motheboard_tb/uut/m_d/ : Warning: NUMERIC_STD.TO_INTEGER: metavalue detected, returning 0
at 125 ns(1), Instance /motheboard_tb/uut/m_d/ : Warning: NUMERIC_STD.TO_INTEGER: metavalue detected, returning 0
at 130 ns(1), Instance /motheboard_tb/uut/m_d/ : Warning: NUMERIC_STD.TO_INTEGER: metavalue detected, returning 0
at 135 ns(1), Instance /motheboard_tb/uut/m_d/ : Warning: NUMERIC_STD.TO_INTEGER: metavalue detected, returning 0
at 140 ns(1), Instance /motheboard_tb/uut/m_d/ : Warning: NUMERIC_STD.TO_INTEGER: metavalue detected, returning 0
at 145 ns(1), Instance /motheboard_tb/uut/m_d/ : Warning: NUMERIC_STD.TO_INTEGER: metavalue detected, returning 0
at 150 ns(1), Instance /motheboard_tb/uut/m_d/ : Warning: NUMERIC_STD.TO_INTEGER: metavalue detected, returning 0
at 155 ns(1), Instance /motheboard_tb/uut/m_d/ : Warning: NUMERIC_STD.TO_INTEGER: metavalue detected, returning 0
at 160 ns(1), Instance /motheboard_tb/uut/m_d/ : Warning: NUMERIC_STD.TO_INTEGER: metavalue detected, returning 0
at 165 ns(1), Instance /motheboard_tb/uut/m_d/ : Warning: NUMERIC_STD.TO_INTEGER: metavalue detected, returning 0
at 170 ns(1), Instance /motheboard_tb/uut/m_d/ : Warning: NUMERIC_STD.TO_INTEGER: metavalue detected, returning 0
at 175 ns(1), Instance /motheboard_tb/uut/m_d/ : Warning: NUMERIC_STD.TO_INTEGER: metavalue detected, returning 0
at 180 ns(1), Instance /motheboard_tb/uut/m_d/ : Warning: NUMERIC_STD.TO_INTEGER: metavalue detected, returning 0
at 185 ns(1), Instance /motheboard_tb/uut/m_d/ : Warning: NUMERIC_STD.TO_INTEGER: metavalue detected, returning 0
at 190 ns(1), Instance /motheboard_tb/uut/m_d/ : Warning: NUMERIC_STD.TO_INTEGER: metavalue detected, returning 0
at 195 ns(1), Instance /motheboard_tb/uut/m_d/ : Warning: NUMERIC_STD.TO_INTEGER: metavalue detected, returning 0
at 200 ns(1), Instance /motheboard_tb/uut/m_d/ : Warning: NUMERIC_STD.TO_INTEGER: metavalue detected, returning 0
at 205 ns(1), Instance /motheboard_tb/uut/m_d/ : Warning: NUMERIC_STD.TO_INTEGER: metavalue detected, returning 0
at 305 ns(4), Instance /motheboard_tb/uut/m_d/ : Warning: NUMERIC_STD.TO_INTEGER: metavalue detected, returning 0
at 310 ns(1), Instance /motheboard_tb/uut/m_d/ : Warning: NUMERIC_STD.TO_INTEGER: metavalue detected, returning 0
at 315 ns(1), Instance /motheboard_tb/uut/m_d/ : Warning: NUMERIC_STD.TO_INTEGER: metavalue detected, returning 0
at 315 ns(3), Instance /motheboard_tb/uut/m_d/ : Warning: NUMERIC_STD.TO_INTEGER: metavalue detected, returning 0
at 335 ns(4), Instance /motheboard_tb/uut/m_d/ : Warning: NUMERIC_STD.TO_INTEGER: metavalue detected, returning 0
at 340 ns(1), Instance /motheboard_tb/uut/m_d/ : Warning: NUMERIC_STD.TO_INTEGER: metavalue detected, returning 0
at 345 ns(1), Instance /motheboard_tb/uut/m_d/ : Warning: NUMERIC_STD.TO_INTEGER: metavalue detected, returning 0
at 345 ns(3), Instance /motheboard_tb/uut/m_d/ : Warning: NUMERIC_STD.TO_INTEGER: metavalue detected, returning 0
at 355 ns(4), Instance /motheboard_tb/uut/m_d/ : Warning: NUMERIC_STD.TO_INTEGER: metavalue detected, returning 0
at 360 ns(1), Instance /motheboard_tb/uut/m_d/ : Warning: NUMERIC_STD.TO_INTEGER: metavalue detected, returning 0
at 365 ns(1), Instance /motheboard_tb/uut/m_d/ : Warning: NUMERIC_STD.TO_INTEGER: metavalue detected, returning 0
at 365 ns(3), Instance /motheboard_tb/uut/m_d/ : Warning: NUMERIC_STD.TO_INTEGER: metavalue detected, returning 0
at 375 ns(4), Instance /motheboard_tb/uut/m_d/ : Warning: NUMERIC_STD.TO_INTEGER: metavalue detected, returning 0
at 380 ns(1), Instance /motheboard_tb/uut/m_d/ : Warning: NUMERIC_STD.TO_INTEGER: metavalue detected, returning 0
at 385 ns(1), Instance /motheboard_tb/uut/m_d/ : Warning: NUMERIC_STD.TO_INTEGER: metavalue detected, returning 0
at 385 ns(3), Instance /motheboard_tb/uut/m_d/ : Warning: NUMERIC_STD.TO_INTEGER: metavalue detected, returning 0
at 395 ns(4), Instance /motheboard_tb/uut/m_d/ : Warning: NUMERIC_STD.TO_INTEGER: metavalue detected, returning 0
at 400 ns(1), Instance /motheboard_tb/uut/m_d/ : Warning: NUMERIC_STD.TO_INTEGER: metavalue detected, returning 0
at 405 ns(1), Instance /motheboard_tb/uut/m_d/ : Warning: NUMERIC_STD.TO_INTEGER: metavalue detected, returning 0
